Collecting flash-attn==2.8.3.post1
  Downloading flash_attn-2.8.3.post1.tar.gz (8.5 MB)
     ━━━━━━━━━━━━━━━━━━━━━━━━━━━━━━━━━━━━━━━━ 8.5/8.5 MB 13.7 MB/s  0:00:01
  Preparing metadata (pyproject.toml): started
  Preparing metadata (pyproject.toml): finished with status 'done'
Requirement already satisfied: torch in ./.venv/lib/python3.12/site-packages (from flash-attn==2.8.3.post1) (2.6.0+cu124)
Requirement already satisfied: einops in ./.venv/lib/python3.12/site-packages (from flash-attn==2.8.3.post1) (0.8.2)
Requirement already satisfied: filelock in ./.venv/lib/python3.12/site-packages (from torch->flash-attn==2.8.3.post1) (3.29.0)
Requirement already satisfied: typing-extensions>=4.10.0 in ./.venv/lib/python3.12/site-packages (from torch->flash-attn==2.8.3.post1) (4.15.0)
Requirement already satisfied: networkx in ./.venv/lib/python3.12/site-packages (from torch->flash-attn==2.8.3.post1) (3.6.1)
Requirement already satisfied: jinja2 in ./.venv/lib/python3.12/site-packages (from torch->flash-attn==2.8.3.post1) (3.1.6)
Requirement already satisfied: fsspec in ./.venv/lib/python3.12/site-packages (from torch->flash-attn==2.8.3.post1) (2025.3.0)
Requirement already satisfied: nvidia-cuda-nvrtc-cu12==12.4.127 in ./.venv/lib/python3.12/site-packages (from torch->flash-attn==2.8.3.post1) (12.4.127)
Requirement already satisfied: nvidia-cuda-runtime-cu12==12.4.127 in ./.venv/lib/python3.12/site-packages (from torch->flash-attn==2.8.3.post1) (12.4.127)
Requirement already satisfied: nvidia-cuda-cupti-cu12==12.4.127 in ./.venv/lib/python3.12/site-packages (from torch->flash-attn==2.8.3.post1) (12.4.127)
Requirement already satisfied: nvidia-cudnn-cu12==9.1.0.70 in ./.venv/lib/python3.12/site-packages (from torch->flash-attn==2.8.3.post1) (9.1.0.70)
Requirement already satisfied: nvidia-cublas-cu12==12.4.5.8 in ./.venv/lib/python3.12/site-packages (from torch->flash-attn==2.8.3.post1) (12.4.5.8)
Requirement already satisfied: nvidia-cufft-cu12==11.2.1.3 in ./.venv/lib/python3.12/site-packages (from torch->flash-attn==2.8.3.post1) (11.2.1.3)
Requirement already satisfied: nvidia-curand-cu12==10.3.5.147 in ./.venv/lib/python3.12/site-packages (from torch->flash-attn==2.8.3.post1) (10.3.5.147)
Requirement already satisfied: nvidia-cusolver-cu12==11.6.1.9 in ./.venv/lib/python3.12/site-packages (from torch->flash-attn==2.8.3.post1) (11.6.1.9)
Requirement already satisfied: nvidia-cusparse-cu12==12.3.1.170 in ./.venv/lib/python3.12/site-packages (from torch->flash-attn==2.8.3.post1) (12.3.1.170)
Requirement already satisfied: nvidia-cusparselt-cu12==0.6.2 in ./.venv/lib/python3.12/site-packages (from torch->flash-attn==2.8.3.post1) (0.6.2)
Requirement already satisfied: nvidia-nccl-cu12==2.21.5 in ./.venv/lib/python3.12/site-packages (from torch->flash-attn==2.8.3.post1) (2.21.5)
Requirement already satisfied: nvidia-nvtx-cu12==12.4.127 in ./.venv/lib/python3.12/site-packages (from torch->flash-attn==2.8.3.post1) (12.4.127)
Requirement already satisfied: nvidia-nvjitlink-cu12==12.4.127 in ./.venv/lib/python3.12/site-packages (from torch->flash-attn==2.8.3.post1) (12.4.127)
Requirement already satisfied: triton==3.2.0 in ./.venv/lib/python3.12/site-packages (from torch->flash-attn==2.8.3.post1) (3.2.0)
Requirement already satisfied: setuptools in ./.venv/lib/python3.12/site-packages (from torch->flash-attn==2.8.3.post1) (83.0.0)
Requirement already satisfied: sympy==1.13.1 in ./.venv/lib/python3.12/site-packages (from torch->flash-attn==2.8.3.post1) (1.13.1)
Requirement already satisfied: mpmath<1.4,>=1.1.0 in ./.venv/lib/python3.12/site-packages (from sympy==1.13.1->torch->flash-attn==2.8.3.post1) (1.3.0)
Requirement already satisfied: MarkupSafe>=2.0 in ./.venv/lib/python3.12/site-packages (from jinja2->torch->flash-attn==2.8.3.post1) (3.0.3)
Building wheels for collected packages: flash-attn
  Building wheel for flash-attn (pyproject.toml): started
  Building wheel for flash-attn (pyproject.toml): still running...
  Building wheel for flash-attn (pyproject.toml): still running...
  Building wheel for flash-attn (pyproject.toml): still running...
  Building wheel for flash-attn (pyproject.toml): still running...
  Building wheel for flash-attn (pyproject.toml): still running...
  Building wheel for flash-attn (pyproject.toml): still running...
  Building wheel for flash-attn (pyproject.toml): still running...
  Building wheel for flash-attn (pyproject.toml): still running...
  Building wheel for flash-attn (pyproject.toml): still running...
  Building wheel for flash-attn (pyproject.toml): still running...
  Building wheel for flash-attn (pyproject.toml): still running...
  Building wheel for flash-attn (pyproject.toml): still running...
  Building wheel for flash-attn (pyproject.toml): still running...
  Building wheel for flash-attn (pyproject.toml): still running...
  Building wheel for flash-attn (pyproject.toml): still running...
  Building wheel for flash-attn (pyproject.toml): still running...
  Building wheel for flash-attn (pyproject.toml): still running...
  Building wheel for flash-attn (pyproject.toml): still running...
  Building wheel for flash-attn (pyproject.toml): still running...
  Building wheel for flash-attn (pyproject.toml): still running...
  Building wheel for flash-attn (pyproject.toml): still running...
  Building wheel for flash-attn (pyproject.toml): still running...
  Building wheel for flash-attn (pyproject.toml): still running...
  Building wheel for flash-attn (pyproject.toml): still running...
  Building wheel for flash-attn (pyproject.toml): still running...
  Building wheel for flash-attn (pyproject.toml): still running...
  Building wheel for flash-attn (pyproject.toml): still running...
  Building wheel for flash-attn (pyproject.toml): still running...
  Building wheel for flash-attn (pyproject.toml): still running...
  Building wheel for flash-attn (pyproject.toml): still running...
  Building wheel for flash-attn (pyproject.toml): still running...
  Building wheel for flash-attn (pyproject.toml): still running...
  Building wheel for flash-attn (pyproject.toml): still running...
  Building wheel for flash-attn (pyproject.toml): still running...
  Building wheel for flash-attn (pyproject.toml): still running...
  Building wheel for flash-attn (pyproject.toml): finished with status 'done'
  Created wheel for flash-attn: filename=flash_attn-2.8.3.post1-cp312-cp312-linux_x86_64.whl size=112847535 sha256=126c75794f92537916c84ac5a636e80e92e730ce86c6c535909bdda489a239bb
  Stored in directory: /tmp/pip-ephem-wheel-cache-x3_6pywj/wheels/e2/9a/a5/d9aaec7a1e2829d55208e2fc1fcf703d7435502b7c8ffebfa0
Successfully built flash-attn
Installing collected packages: flash-attn
Successfully installed flash-attn-2.8.3.post1
