== kvcot GPU host setup ==
HF_HOME=/workspace/hf_cache
Requirement already satisfied: pip in ./.venv/lib/python3.12/site-packages (25.0.1)
Collecting pip
  Downloading pip-26.1.2-py3-none-any.whl.metadata (4.6 kB)
Downloading pip-26.1.2-py3-none-any.whl (1.8 MB)
   ━━━━━━━━━━━━━━━━━━━━━━━━━━━━━━━━━━━━━━━━ 1.8/1.8 MB 4.6 MB/s eta 0:00:00
Installing collected packages: pip
  Attempting uninstall: pip
    Found existing installation: pip 25.0.1
    Uninstalling pip-25.0.1:
      Successfully uninstalled pip-25.0.1
Successfully installed pip-26.1.2
== installing torch (CUDA build) ==
Looking in indexes: https://download.pytorch.org/whl/cu124
Collecting torch==2.6.0
  Downloading torch-2.6.0%2Bcu124-cp312-cp312-linux_x86_64.whl.metadata (28 kB)
Collecting filelock (from torch==2.6.0)
  Downloading filelock-3.29.0-py3-none-any.whl.metadata (2.0 kB)
Collecting typing-extensions>=4.10.0 (from torch==2.6.0)
  Downloading typing_extensions-4.15.0-py3-none-any.whl.metadata (3.3 kB)
Collecting networkx (from torch==2.6.0)
  Downloading networkx-3.6.1-py3-none-any.whl.metadata (6.8 kB)
Collecting jinja2 (from torch==2.6.0)
  Downloading jinja2-3.1.6-py3-none-any.whl.metadata (2.9 kB)
Collecting fsspec (from torch==2.6.0)
  Downloading fsspec-2026.4.0-py3-none-any.whl.metadata (10 kB)
Collecting nvidia-cuda-nvrtc-cu12==12.4.127 (from torch==2.6.0)
  Downloading nvidia_cuda_nvrtc_cu12-12.4.127-py3-none-manylinux2014_x86_64.whl (24.6 MB)
     ━━━━━━━━━━━━━━━━━━━━━━━━━━━━━━━━━━━━━━━━ 24.6/24.6 MB 6.9 MB/s  0:00:03
Collecting nvidia-cuda-runtime-cu12==12.4.127 (from torch==2.6.0)
  Downloading nvidia_cuda_runtime_cu12-12.4.127-py3-none-manylinux2014_x86_64.whl (883 kB)
     ━━━━━━━━━━━━━━━━━━━━━━━━━━━━━━━━━━━━━━━━ 883.7/883.7 kB 1.9 MB/s  0:00:00
Collecting nvidia-cuda-cupti-cu12==12.4.127 (from torch==2.6.0)
  Downloading nvidia_cuda_cupti_cu12-12.4.127-py3-none-manylinux2014_x86_64.whl (13.8 MB)
     ━━━━━━━━━━━━━━━━━━━━━━━━━━━━━━━━━━━━━━━━ 13.8/13.8 MB 10.3 MB/s  0:00:01
Collecting nvidia-cudnn-cu12==9.1.0.70 (from torch==2.6.0)
  Downloading nvidia_cudnn_cu12-9.1.0.70-py3-none-manylinux2014_x86_64.whl (664.8 MB)
     ━━━━━━━━━━━━━━━━━━━━━━━━━━━━━━━━━━━━━━━━ 664.8/664.8 MB 7.3 MB/s  0:01:27
Collecting nvidia-cublas-cu12==12.4.5.8 (from torch==2.6.0)
  Downloading nvidia_cublas_cu12-12.4.5.8-py3-none-manylinux2014_x86_64.whl (363.4 MB)
     ━━━━━━━━━━━━━━━━━━━━━━━━━━━━━━━━━━━━━━━━ 363.4/363.4 MB 7.6 MB/s  0:00:47
Collecting nvidia-cufft-cu12==11.2.1.3 (from torch==2.6.0)
  Downloading nvidia_cufft_cu12-11.2.1.3-py3-none-manylinux2014_x86_64.whl (211.5 MB)
     ━━━━━━━━━━━━━━━━━━━━━━━━━━━━━━━━━━━━━━━━ 211.5/211.5 MB 7.4 MB/s  0:00:28
Collecting nvidia-curand-cu12==10.3.5.147 (from torch==2.6.0)
  Downloading nvidia_curand_cu12-10.3.5.147-py3-none-manylinux2014_x86_64.whl (56.3 MB)
     ━━━━━━━━━━━━━━━━━━━━━━━━━━━━━━━━━━━━━━━━ 56.3/56.3 MB 7.0 MB/s  0:00:08
Collecting nvidia-cusolver-cu12==11.6.1.9 (from torch==2.6.0)
  Downloading nvidia_cusolver_cu12-11.6.1.9-py3-none-manylinux2014_x86_64.whl (127.9 MB)
     ━━━━━━━━━━━━━━━━━━━━━━━━━━━━━━━━━━━━━━━━ 127.9/127.9 MB 7.3 MB/s  0:00:17
Collecting nvidia-cusparse-cu12==12.3.1.170 (from torch==2.6.0)
  Downloading nvidia_cusparse_cu12-12.3.1.170-py3-none-manylinux2014_x86_64.whl (207.5 MB)
     ━━━━━━━━━━━━━━━━━━━━━━━━━━━━━━━━━━━━━━━━ 207.5/207.5 MB 7.2 MB/s  0:00:29
Collecting nvidia-cusparselt-cu12==0.6.2 (from torch==2.6.0)
  Downloading nvidia_cusparselt_cu12-0.6.2-py3-none-manylinux2014_x86_64.whl.metadata (6.8 kB)
Collecting nvidia-nccl-cu12==2.21.5 (from torch==2.6.0)
  Downloading nvidia_nccl_cu12-2.21.5-py3-none-manylinux2014_x86_64.whl (188.7 MB)
     ━━━━━━━━━━━━━━━━━━━━━━━━━━━━━━━━━━━━━━━━ 188.7/188.7 MB 7.3 MB/s  0:00:26
Collecting nvidia-nvtx-cu12==12.4.127 (from torch==2.6.0)
  Downloading nvidia_nvtx_cu12-12.4.127-py3-none-manylinux2014_x86_64.whl (99 kB)
Collecting nvidia-nvjitlink-cu12==12.4.127 (from torch==2.6.0)
  Downloading nvidia_nvjitlink_cu12-12.4.127-py3-none-manylinux2014_x86_64.whl (21.1 MB)
     ━━━━━━━━━━━━━━━━━━━━━━━━━━━━━━━━━━━━━━━━ 21.1/21.1 MB 6.4 MB/s  0:00:03
Collecting triton==3.2.0 (from torch==2.6.0)
  Downloading triton-3.2.0-cp312-cp312-manylinux_2_27_x86_64.manylinux_2_28_x86_64.whl.metadata (1.4 kB)
Collecting setuptools (from torch==2.6.0)
  Downloading setuptools-78.1.0-py3-none-any.whl.metadata (6.6 kB)
Collecting sympy==1.13.1 (from torch==2.6.0)
  Downloading sympy-1.13.1-py3-none-any.whl.metadata (12 kB)
Collecting mpmath<1.4,>=1.1.0 (from sympy==1.13.1->torch==2.6.0)
  Downloading mpmath-1.3.0-py3-none-any.whl.metadata (8.6 kB)
Collecting MarkupSafe>=2.0 (from jinja2->torch==2.6.0)
  Downloading markupsafe-3.0.3-cp312-cp312-manylinux2014_x86_64.manylinux_2_17_x86_64.manylinux_2_28_x86_64.whl.metadata (2.7 kB)
Downloading torch-2.6.0%2Bcu124-cp312-cp312-linux_x86_64.whl (768.4 MB)
   ━━━━━━━━━━━━━━━━━━━━━━━━━━━━━━━━━━━━━━━━ 768.4/768.4 MB 7.1 MB/s  0:01:52
Downloading nvidia_cusparselt_cu12-0.6.2-py3-none-manylinux2014_x86_64.whl (150.1 MB)
   ━━━━━━━━━━━━━━━━━━━━━━━━━━━━━━━━━━━━━━━━ 150.1/150.1 MB 6.2 MB/s  0:00:24
Downloading sympy-1.13.1-py3-none-any.whl (6.2 MB)
   ━━━━━━━━━━━━━━━━━━━━━━━━━━━━━━━━━━━━━━━━ 6.2/6.2 MB 6.3 MB/s  0:00:01
Downloading triton-3.2.0-cp312-cp312-manylinux_2_27_x86_64.manylinux_2_28_x86_64.whl (166.7 MB)
   ━━━━━━━━━━━━━━━━━━━━━━━━━━━━━━━━━━━━━━━━ 166.7/166.7 MB 6.8 MB/s  0:00:25
Downloading mpmath-1.3.0-py3-none-any.whl (536 kB)
   ━━━━━━━━━━━━━━━━━━━━━━━━━━━━━━━━━━━━━━━━ 536.2/536.2 kB 11.2 MB/s  0:00:00
Downloading typing_extensions-4.15.0-py3-none-any.whl (44 kB)
Downloading filelock-3.29.0-py3-none-any.whl (39 kB)
Downloading fsspec-2026.4.0-py3-none-any.whl (203 kB)
Downloading jinja2-3.1.6-py3-none-any.whl (134 kB)
Downloading markupsafe-3.0.3-cp312-cp312-manylinux2014_x86_64.manylinux_2_17_x86_64.manylinux_2_28_x86_64.whl (22 kB)
Downloading networkx-3.6.1-py3-none-any.whl (2.1 MB)
   ━━━━━━━━━━━━━━━━━━━━━━━━━━━━━━━━━━━━━━━━ 2.1/2.1 MB 29.1 MB/s  0:00:00
Downloading setuptools-78.1.0-py3-none-any.whl (1.3 MB)
   ━━━━━━━━━━━━━━━━━━━━━━━━━━━━━━━━━━━━━━━━ 1.3/1.3 MB 32.0 MB/s  0:00:00
Installing collected packages: triton, nvidia-cusparselt-cu12, mpmath, typing-extensions, sympy, setuptools, nvidia-nvtx-cu12, nvidia-nvjitlink-cu12, nvidia-nccl-cu12, nvidia-curand-cu12, nvidia-cufft-cu12, nvidia-cuda-runtime-cu12, nvidia-cuda-nvrtc-cu12, nvidia-cuda-cupti-cu12, nvidia-cublas-cu12, networkx, MarkupSafe, fsspec, filelock, nvidia-cusparse-cu12, nvidia-cudnn-cu12, jinja2, nvidia-cusolver-cu12, torch

Successfully installed MarkupSafe-3.0.3 filelock-3.29.0 fsspec-2026.4.0 jinja2-3.1.6 mpmath-1.3.0 networkx-3.6.1 nvidia-cublas-cu12-12.4.5.8 nvidia-cuda-cupti-cu12-12.4.127 nvidia-cuda-nvrtc-cu12-12.4.127 nvidia-cuda-runtime-cu12-12.4.127 nvidia-cudnn-cu12-9.1.0.70 nvidia-cufft-cu12-11.2.1.3 nvidia-curand-cu12-10.3.5.147 nvidia-cusolver-cu12-11.6.1.9 nvidia-cusparse-cu12-12.3.1.170 nvidia-cusparselt-cu12-0.6.2 nvidia-nccl-cu12-2.21.5 nvidia-nvjitlink-cu12-12.4.127 nvidia-nvtx-cu12-12.4.127 setuptools-78.1.0 sympy-1.13.1 torch-2.6.0+cu124 triton-3.2.0 typing-extensions-4.15.0
== installing the rest of requirements.txt (includes transformers==4.55.4, flash-attn) ==
Collecting pydantic<3,>=2.6 (from -r requirements.txt (line 8))
  Downloading pydantic-2.13.4-py3-none-any.whl.metadata (109 kB)
Collecting numpy<3,>=1.26 (from -r requirements.txt (line 9))
  Downloading numpy-2.5.1-cp312-cp312-manylinux_2_27_x86_64.manylinux_2_28_x86_64.whl.metadata (6.6 kB)
Collecting scipy<2,>=1.11 (from -r requirements.txt (line 10))
  Downloading scipy-1.18.0-cp312-cp312-manylinux_2_27_x86_64.manylinux_2_28_x86_64.whl.metadata (62 kB)
Collecting PyYAML<7,>=6.0 (from -r requirements.txt (line 11))
  Downloading pyyaml-6.0.3-cp312-cp312-manylinux2014_x86_64.manylinux_2_17_x86_64.manylinux_2_28_x86_64.whl.metadata (2.4 kB)
Collecting transformers==4.55.4 (from -r requirements.txt (line 22))
  Downloading transformers-4.55.4-py3-none-any.whl.metadata (41 kB)
Requirement already satisfied: torch==2.6.0 in ./.venv/lib/python3.12/site-packages (from -r requirements.txt (line 23)) (2.6.0+cu124)
Collecting flash-attn<3,>=2.6 (from -r requirements.txt (line 26))
  Downloading flash_attn-2.8.3.post1.tar.gz (8.5 MB)
     ━━━━━━━━━━━━━━━━━━━━━━━━━━━━━━━━━━━━━━━━ 8.5/8.5 MB 8.9 MB/s  0:00:01
  Installing build dependencies: started
  Installing build dependencies: finished with status 'done'
  Getting requirements to build wheel: started
  Getting requirements to build wheel: finished with status 'error'
  error: subprocess-exited-with-error
  
  × Getting requirements to build wheel did not run successfully.
  │ exit code: 1
  ╰─> [22 lines of output]
      /tmp/pip-build-env-rr2e5s39/overlay/lib/python3.12/site-packages/setuptools/_vendor/wheel/bdist_wheel.py:4: FutureWarning: The 'wheel' package is no longer the canonical location of the 'bdist_wheel' command, and will be removed in a future release. Please update to setuptools v70.1 or later which contains an integrated version of this command.
        warn(
      Traceback (most recent call last):
        File "/workspace/Faithkv/.venv/lib/python3.12/site-packages/pip/_vendor/pyproject_hooks/_in_process/_in_process.py", line 389, in <module>
          main()
        File "/workspace/Faithkv/.venv/lib/python3.12/site-packages/pip/_vendor/pyproject_hooks/_in_process/_in_process.py", line 373, in main
          json_out["return_val"] = hook(**hook_input["kwargs"])
                                   ^^^^^^^^^^^^^^^^^^^^^^^^^^^^
        File "/workspace/Faithkv/.venv/lib/python3.12/site-packages/pip/_vendor/pyproject_hooks/_in_process/_in_process.py", line 143, in get_requires_for_build_wheel
          return hook(config_settings)
                 ^^^^^^^^^^^^^^^^^^^^^
        File "/tmp/pip-build-env-rr2e5s39/overlay/lib/python3.12/site-packages/setuptools/build_meta.py", line 333, in get_requires_for_build_wheel
          return self._get_build_requires(config_settings, requirements=[])
                 ^^^^^^^^^^^^^^^^^^^^^^^^^^^^^^^^^^^^^^^^^^^^^^^^^^^^^^^^^^
        File "/tmp/pip-build-env-rr2e5s39/overlay/lib/python3.12/site-packages/setuptools/build_meta.py", line 301, in _get_build_requires
          self.run_setup()
        File "/tmp/pip-build-env-rr2e5s39/overlay/lib/python3.12/site-packages/setuptools/build_meta.py", line 520, in run_setup
          super().run_setup(setup_script=setup_script)
        File "/tmp/pip-build-env-rr2e5s39/overlay/lib/python3.12/site-packages/setuptools/build_meta.py", line 317, in run_setup
          exec(code, locals())
        File "<string>", line 22, in <module>
      ModuleNotFoundError: No module named 'torch'
      [end of output]
  
  note: This error originates from a subprocess, and is likely not a problem with pip.
ERROR: Failed to build 'flash-attn' when getting requirements to build wheel
== kvcot GPU host setup ==
HF_HOME=/workspace/hf_cache
Requirement already satisfied: pip in ./.venv/lib/python3.12/site-packages (26.1.2)
== installing torch (CUDA build) ==
Looking in indexes: https://download.pytorch.org/whl/cu124
Requirement already satisfied: torch==2.6.0 in ./.venv/lib/python3.12/site-packages (2.6.0+cu124)
Requirement already satisfied: filelock in ./.venv/lib/python3.12/site-packages (from torch==2.6.0) (3.29.0)
Requirement already satisfied: typing-extensions>=4.10.0 in ./.venv/lib/python3.12/site-packages (from torch==2.6.0) (4.15.0)
Requirement already satisfied: networkx in ./.venv/lib/python3.12/site-packages (from torch==2.6.0) (3.6.1)
Requirement already satisfied: jinja2 in ./.venv/lib/python3.12/site-packages (from torch==2.6.0) (3.1.6)
Requirement already satisfied: fsspec in ./.venv/lib/python3.12/site-packages (from torch==2.6.0) (2026.4.0)
Requirement already satisfied: nvidia-cuda-nvrtc-cu12==12.4.127 in ./.venv/lib/python3.12/site-packages (from torch==2.6.0) (12.4.127)
Requirement already satisfied: nvidia-cuda-runtime-cu12==12.4.127 in ./.venv/lib/python3.12/site-packages (from torch==2.6.0) (12.4.127)
Requirement already satisfied: nvidia-cuda-cupti-cu12==12.4.127 in ./.venv/lib/python3.12/site-packages (from torch==2.6.0) (12.4.127)
Requirement already satisfied: nvidia-cudnn-cu12==9.1.0.70 in ./.venv/lib/python3.12/site-packages (from torch==2.6.0) (9.1.0.70)
Requirement already satisfied: nvidia-cublas-cu12==12.4.5.8 in ./.venv/lib/python3.12/site-packages (from torch==2.6.0) (12.4.5.8)
Requirement already satisfied: nvidia-cufft-cu12==11.2.1.3 in ./.venv/lib/python3.12/site-packages (from torch==2.6.0) (11.2.1.3)
Requirement already satisfied: nvidia-curand-cu12==10.3.5.147 in ./.venv/lib/python3.12/site-packages (from torch==2.6.0) (10.3.5.147)
Requirement already satisfied: nvidia-cusolver-cu12==11.6.1.9 in ./.venv/lib/python3.12/site-packages (from torch==2.6.0) (11.6.1.9)
Requirement already satisfied: nvidia-cusparse-cu12==12.3.1.170 in ./.venv/lib/python3.12/site-packages (from torch==2.6.0) (12.3.1.170)
Requirement already satisfied: nvidia-cusparselt-cu12==0.6.2 in ./.venv/lib/python3.12/site-packages (from torch==2.6.0) (0.6.2)
Requirement already satisfied: nvidia-nccl-cu12==2.21.5 in ./.venv/lib/python3.12/site-packages (from torch==2.6.0) (2.21.5)
Requirement already satisfied: nvidia-nvtx-cu12==12.4.127 in ./.venv/lib/python3.12/site-packages (from torch==2.6.0) (12.4.127)
Requirement already satisfied: nvidia-nvjitlink-cu12==12.4.127 in ./.venv/lib/python3.12/site-packages (from torch==2.6.0) (12.4.127)
Requirement already satisfied: triton==3.2.0 in ./.venv/lib/python3.12/site-packages (from torch==2.6.0) (3.2.0)
Requirement already satisfied: setuptools in ./.venv/lib/python3.12/site-packages (from torch==2.6.0) (78.1.0)
Requirement already satisfied: sympy==1.13.1 in ./.venv/lib/python3.12/site-packages (from torch==2.6.0) (1.13.1)
Requirement already satisfied: mpmath<1.4,>=1.1.0 in ./.venv/lib/python3.12/site-packages (from sympy==1.13.1->torch==2.6.0) (1.3.0)
Requirement already satisfied: MarkupSafe>=2.0 in ./.venv/lib/python3.12/site-packages (from jinja2->torch==2.6.0) (3.0.3)
== installing the rest of requirements.txt (includes transformers==4.55.4, flash-attn) ==
Collecting pydantic<3,>=2.6 (from -r requirements.txt (line 8))
  Using cached pydantic-2.13.4-py3-none-any.whl.metadata (109 kB)
Collecting numpy<3,>=1.26 (from -r requirements.txt (line 9))
  Using cached numpy-2.5.1-cp312-cp312-manylinux_2_27_x86_64.manylinux_2_28_x86_64.whl.metadata (6.6 kB)
Collecting scipy<2,>=1.11 (from -r requirements.txt (line 10))
  Using cached scipy-1.18.0-cp312-cp312-manylinux_2_27_x86_64.manylinux_2_28_x86_64.whl.metadata (62 kB)
Collecting PyYAML<7,>=6.0 (from -r requirements.txt (line 11))
  Using cached pyyaml-6.0.3-cp312-cp312-manylinux2014_x86_64.manylinux_2_17_x86_64.manylinux_2_28_x86_64.whl.metadata (2.4 kB)
Collecting transformers==4.55.4 (from -r requirements.txt (line 22))
  Using cached transformers-4.55.4-py3-none-any.whl.metadata (41 kB)
Requirement already satisfied: torch==2.6.0 in ./.venv/lib/python3.12/site-packages (from -r requirements.txt (line 23)) (2.6.0+cu124)
Requirement already satisfied: flash-attn<3,>=2.6 in ./.venv/lib/python3.12/site-packages (from -r requirements.txt (line 26)) (2.8.3.post1)
Collecting datasets<4,>=2.19 (from -r requirements.txt (line 28))
  Downloading datasets-3.6.0-py3-none-any.whl.metadata (19 kB)
Collecting huggingface_hub>=0.24 (from -r requirements.txt (line 29))
  Downloading huggingface_hub-1.23.0-py3-none-any.whl.metadata (14 kB)
Requirement already satisfied: jinja2>=3.1 in ./.venv/lib/python3.12/site-packages (from -r requirements.txt (line 30)) (3.1.6)
Collecting matplotlib>=3.8 (from -r requirements.txt (line 31))
  Downloading matplotlib-3.11.0-cp312-cp312-manylinux2014_x86_64.manylinux_2_17_x86_64.whl.metadata (80 kB)
Collecting pytest>=8.0 (from -r requirements.txt (line 34))
  Downloading pytest-9.1.1-py3-none-any.whl.metadata (7.6 kB)
Collecting pytest-cov>=5.0 (from -r requirements.txt (line 35))
  Downloading pytest_cov-7.1.0-py3-none-any.whl.metadata (32 kB)
Requirement already satisfied: filelock in ./.venv/lib/python3.12/site-packages (from transformers==4.55.4->-r requirements.txt (line 22)) (3.29.0)
Collecting huggingface_hub>=0.24 (from -r requirements.txt (line 29))
  Downloading huggingface_hub-0.36.2-py3-none-any.whl.metadata (15 kB)
Requirement already satisfied: packaging>=20.0 in ./.venv/lib/python3.12/site-packages (from transformers==4.55.4->-r requirements.txt (line 22)) (26.2)
Collecting regex!=2019.12.17 (from transformers==4.55.4->-r requirements.txt (line 22))
  Downloading regex-2026.7.10-cp312-cp312-manylinux2014_x86_64.manylinux_2_17_x86_64.manylinux_2_28_x86_64.whl.metadata (40 kB)
Collecting requests (from transformers==4.55.4->-r requirements.txt (line 22))
  Downloading requests-2.34.2-py3-none-any.whl.metadata (4.8 kB)
Collecting tokenizers<0.22,>=0.21 (from transformers==4.55.4->-r requirements.txt (line 22))
  Downloading tokenizers-0.21.4-cp39-abi3-manylinux_2_17_x86_64.manylinux2014_x86_64.whl.metadata (6.7 kB)
Collecting safetensors>=0.4.3 (from transformers==4.55.4->-r requirements.txt (line 22))
  Downloading safetensors-0.8.0-cp310-abi3-manylinux_2_17_x86_64.manylinux2014_x86_64.whl.metadata (4.2 kB)
Collecting tqdm>=4.27 (from transformers==4.55.4->-r requirements.txt (line 22))
  Downloading tqdm-4.68.4-py3-none-any.whl.metadata (57 kB)
Requirement already satisfied: typing-extensions>=4.10.0 in ./.venv/lib/python3.12/site-packages (from torch==2.6.0->-r requirements.txt (line 23)) (4.15.0)
Requirement already satisfied: networkx in ./.venv/lib/python3.12/site-packages (from torch==2.6.0->-r requirements.txt (line 23)) (3.6.1)
Requirement already satisfied: fsspec in ./.venv/lib/python3.12/site-packages (from torch==2.6.0->-r requirements.txt (line 23)) (2026.4.0)
Requirement already satisfied: nvidia-cuda-nvrtc-cu12==12.4.127 in ./.venv/lib/python3.12/site-packages (from torch==2.6.0->-r requirements.txt (line 23)) (12.4.127)
Requirement already satisfied: nvidia-cuda-runtime-cu12==12.4.127 in ./.venv/lib/python3.12/site-packages (from torch==2.6.0->-r requirements.txt (line 23)) (12.4.127)
Requirement already satisfied: nvidia-cuda-cupti-cu12==12.4.127 in ./.venv/lib/python3.12/site-packages (from torch==2.6.0->-r requirements.txt (line 23)) (12.4.127)
Requirement already satisfied: nvidia-cudnn-cu12==9.1.0.70 in ./.venv/lib/python3.12/site-packages (from torch==2.6.0->-r requirements.txt (line 23)) (9.1.0.70)
Requirement already satisfied: nvidia-cublas-cu12==12.4.5.8 in ./.venv/lib/python3.12/site-packages (from torch==2.6.0->-r requirements.txt (line 23)) (12.4.5.8)
Requirement already satisfied: nvidia-cufft-cu12==11.2.1.3 in ./.venv/lib/python3.12/site-packages (from torch==2.6.0->-r requirements.txt (line 23)) (11.2.1.3)
Requirement already satisfied: nvidia-curand-cu12==10.3.5.147 in ./.venv/lib/python3.12/site-packages (from torch==2.6.0->-r requirements.txt (line 23)) (10.3.5.147)
Requirement already satisfied: nvidia-cusolver-cu12==11.6.1.9 in ./.venv/lib/python3.12/site-packages (from torch==2.6.0->-r requirements.txt (line 23)) (11.6.1.9)
Requirement already satisfied: nvidia-cusparse-cu12==12.3.1.170 in ./.venv/lib/python3.12/site-packages (from torch==2.6.0->-r requirements.txt (line 23)) (12.3.1.170)
Requirement already satisfied: nvidia-cusparselt-cu12==0.6.2 in ./.venv/lib/python3.12/site-packages (from torch==2.6.0->-r requirements.txt (line 23)) (0.6.2)
Requirement already satisfied: nvidia-nccl-cu12==2.21.5 in ./.venv/lib/python3.12/site-packages (from torch==2.6.0->-r requirements.txt (line 23)) (2.21.5)
Requirement already satisfied: nvidia-nvtx-cu12==12.4.127 in ./.venv/lib/python3.12/site-packages (from torch==2.6.0->-r requirements.txt (line 23)) (12.4.127)
Requirement already satisfied: nvidia-nvjitlink-cu12==12.4.127 in ./.venv/lib/python3.12/site-packages (from torch==2.6.0->-r requirements.txt (line 23)) (12.4.127)
Requirement already satisfied: triton==3.2.0 in ./.venv/lib/python3.12/site-packages (from torch==2.6.0->-r requirements.txt (line 23)) (3.2.0)
Requirement already satisfied: setuptools in ./.venv/lib/python3.12/site-packages (from torch==2.6.0->-r requirements.txt (line 23)) (78.1.0)
Requirement already satisfied: sympy==1.13.1 in ./.venv/lib/python3.12/site-packages (from torch==2.6.0->-r requirements.txt (line 23)) (1.13.1)
Requirement already satisfied: mpmath<1.4,>=1.1.0 in ./.venv/lib/python3.12/site-packages (from sympy==1.13.1->torch==2.6.0->-r requirements.txt (line 23)) (1.3.0)
Collecting annotated-types>=0.6.0 (from pydantic<3,>=2.6->-r requirements.txt (line 8))
  Downloading annotated_types-0.7.0-py3-none-any.whl.metadata (15 kB)
Collecting pydantic-core==2.46.4 (from pydantic<3,>=2.6->-r requirements.txt (line 8))
  Downloading pydantic_core-2.46.4-cp312-cp312-manylinux_2_17_x86_64.manylinux2014_x86_64.whl.metadata (6.6 kB)
Collecting typing-inspection>=0.4.2 (from pydantic<3,>=2.6->-r requirements.txt (line 8))
  Downloading typing_inspection-0.4.2-py3-none-any.whl.metadata (2.6 kB)
Requirement already satisfied: einops in ./.venv/lib/python3.12/site-packages (from flash-attn<3,>=2.6->-r requirements.txt (line 26)) (0.8.2)
Collecting pyarrow>=15.0.0 (from datasets<4,>=2.19->-r requirements.txt (line 28))
  Downloading pyarrow-25.0.0-cp312-cp312-manylinux_2_28_x86_64.whl.metadata (3.0 kB)
Collecting dill<0.3.9,>=0.3.0 (from datasets<4,>=2.19->-r requirements.txt (line 28))
  Downloading dill-0.3.8-py3-none-any.whl.metadata (10 kB)
Collecting pandas (from datasets<4,>=2.19->-r requirements.txt (line 28))
  Downloading pandas-3.0.3-cp312-cp312-manylinux_2_24_x86_64.manylinux_2_28_x86_64.whl.metadata (79 kB)
Collecting xxhash (from datasets<4,>=2.19->-r requirements.txt (line 28))
  Downloading xxhash-3.8.1-cp312-cp312-manylinux2014_x86_64.manylinux_2_17_x86_64.manylinux_2_28_x86_64.whl.metadata (15 kB)
Collecting multiprocess<0.70.17 (from datasets<4,>=2.19->-r requirements.txt (line 28))
  Downloading multiprocess-0.70.16-py312-none-any.whl.metadata (7.2 kB)
Collecting fsspec (from torch==2.6.0->-r requirements.txt (line 23))
  Downloading fsspec-2025.3.0-py3-none-any.whl.metadata (11 kB)
Collecting hf-xet<2.0.0,>=1.1.3 (from huggingface_hub>=0.24->-r requirements.txt (line 29))
  Downloading hf_xet-1.5.1-cp37-abi3-manylinux2014_x86_64.manylinux_2_17_x86_64.whl.metadata (4.9 kB)
Collecting aiohttp!=4.0.0a0,!=4.0.0a1 (from fsspec[http]<=2025.3.0,>=2023.1.0->datasets<4,>=2.19->-r requirements.txt (line 28))
  Downloading aiohttp-3.14.1-cp312-cp312-manylinux2014_x86_64.manylinux_2_17_x86_64.manylinux_2_28_x86_64.whl.metadata (8.3 kB)
Requirement already satisfied: MarkupSafe>=2.0 in ./.venv/lib/python3.12/site-packages (from jinja2>=3.1->-r requirements.txt (line 30)) (3.0.3)
Collecting contourpy>=1.0.1 (from matplotlib>=3.8->-r requirements.txt (line 31))
  Downloading contourpy-1.3.3-cp312-cp312-manylinux_2_27_x86_64.manylinux_2_28_x86_64.whl.metadata (5.5 kB)
Collecting cycler>=0.10 (from matplotlib>=3.8->-r requirements.txt (line 31))
  Downloading cycler-0.12.1-py3-none-any.whl.metadata (3.8 kB)
Collecting fonttools>=4.22.0 (from matplotlib>=3.8->-r requirements.txt (line 31))
  Downloading fonttools-4.63.0-cp312-cp312-manylinux2014_x86_64.manylinux_2_17_x86_64.whl.metadata (118 kB)
Collecting kiwisolver>=1.3.1 (from matplotlib>=3.8->-r requirements.txt (line 31))
  Downloading kiwisolver-1.5.0-cp312-cp312-manylinux2014_x86_64.manylinux_2_17_x86_64.whl.metadata (5.1 kB)
Collecting pillow>=9 (from matplotlib>=3.8->-r requirements.txt (line 31))
  Downloading pillow-12.3.0-cp312-cp312-manylinux_2_27_x86_64.manylinux_2_28_x86_64.whl.metadata (9.1 kB)
Collecting pyparsing>=3 (from matplotlib>=3.8->-r requirements.txt (line 31))
  Downloading pyparsing-3.3.2-py3-none-any.whl.metadata (5.8 kB)
Collecting python-dateutil>=2.7 (from matplotlib>=3.8->-r requirements.txt (line 31))
  Downloading python_dateutil-2.9.0.post0-py2.py3-none-any.whl.metadata (8.4 kB)
Collecting iniconfig>=1.0.1 (from pytest>=8.0->-r requirements.txt (line 34))
  Downloading iniconfig-2.3.0-py3-none-any.whl.metadata (2.5 kB)
Collecting pluggy<2,>=1.5 (from pytest>=8.0->-r requirements.txt (line 34))
  Downloading pluggy-1.6.0-py3-none-any.whl.metadata (4.8 kB)
Collecting pygments>=2.7.2 (from pytest>=8.0->-r requirements.txt (line 34))
  Downloading pygments-2.20.0-py3-none-any.whl.metadata (2.5 kB)
Collecting coverage>=7.10.6 (from coverage[toml]>=7.10.6->pytest-cov>=5.0->-r requirements.txt (line 35))
  Downloading coverage-7.15.2-cp312-cp312-manylinux1_x86_64.manylinux_2_28_x86_64.manylinux_2_5_x86_64.whl.metadata (8.6 kB)
Collecting aiohappyeyeballs>=2.5.0 (from aiohttp!=4.0.0a0,!=4.0.0a1->fsspec[http]<=2025.3.0,>=2023.1.0->datasets<4,>=2.19->-r requirements.txt (line 28))
  Downloading aiohappyeyeballs-2.7.1-py3-none-any.whl.metadata (5.9 kB)
Collecting aiosignal>=1.4.0 (from aiohttp!=4.0.0a0,!=4.0.0a1->fsspec[http]<=2025.3.0,>=2023.1.0->datasets<4,>=2.19->-r requirements.txt (line 28))
  Downloading aiosignal-1.4.0-py3-none-any.whl.metadata (3.7 kB)
Collecting attrs>=17.3.0 (from aiohttp!=4.0.0a0,!=4.0.0a1->fsspec[http]<=2025.3.0,>=2023.1.0->datasets<4,>=2.19->-r requirements.txt (line 28))
  Downloading attrs-26.1.0-py3-none-any.whl.metadata (8.8 kB)
Collecting frozenlist>=1.1.1 (from aiohttp!=4.0.0a0,!=4.0.0a1->fsspec[http]<=2025.3.0,>=2023.1.0->datasets<4,>=2.19->-r requirements.txt (line 28))
  Downloading frozenlist-1.8.0-cp312-cp312-manylinux1_x86_64.manylinux_2_28_x86_64.manylinux_2_5_x86_64.whl.metadata (20 kB)
Collecting multidict<7.0,>=4.5 (from aiohttp!=4.0.0a0,!=4.0.0a1->fsspec[http]<=2025.3.0,>=2023.1.0->datasets<4,>=2.19->-r requirements.txt (line 28))
  Downloading multidict-6.7.1-cp312-cp312-manylinux2014_x86_64.manylinux_2_17_x86_64.manylinux_2_28_x86_64.whl.metadata (5.3 kB)
Collecting propcache>=0.2.0 (from aiohttp!=4.0.0a0,!=4.0.0a1->fsspec[http]<=2025.3.0,>=2023.1.0->datasets<4,>=2.19->-r requirements.txt (line 28))
  Downloading propcache-0.5.2-cp312-cp312-manylinux2014_x86_64.manylinux_2_17_x86_64.manylinux_2_28_x86_64.whl.metadata (16 kB)
Collecting yarl<2.0,>=1.17.0 (from aiohttp!=4.0.0a0,!=4.0.0a1->fsspec[http]<=2025.3.0,>=2023.1.0->datasets<4,>=2.19->-r requirements.txt (line 28))
  Downloading yarl-1.24.2-cp312-cp312-manylinux2014_x86_64.manylinux_2_17_x86_64.manylinux_2_28_x86_64.whl.metadata (94 kB)
Collecting idna>=2.0 (from yarl<2.0,>=1.17.0->aiohttp!=4.0.0a0,!=4.0.0a1->fsspec[http]<=2025.3.0,>=2023.1.0->datasets<4,>=2.19->-r requirements.txt (line 28))
  Downloading idna-3.18-py3-none-any.whl.metadata (6.1 kB)
Collecting six>=1.5 (from python-dateutil>=2.7->matplotlib>=3.8->-r requirements.txt (line 31))
  Downloading six-1.17.0-py2.py3-none-any.whl.metadata (1.7 kB)
Collecting charset_normalizer<4,>=2 (from requests->transformers==4.55.4->-r requirements.txt (line 22))
  Downloading charset_normalizer-3.4.9-cp312-cp312-manylinux2014_x86_64.manylinux_2_17_x86_64.manylinux_2_28_x86_64.whl.metadata (41 kB)
Collecting urllib3<3,>=1.26 (from requests->transformers==4.55.4->-r requirements.txt (line 22))
  Downloading urllib3-2.7.0-py3-none-any.whl.metadata (6.9 kB)
Collecting certifi>=2023.5.7 (from requests->transformers==4.55.4->-r requirements.txt (line 22))
  Downloading certifi-2026.6.17-py3-none-any.whl.metadata (2.5 kB)
Downloading transformers-4.55.4-py3-none-any.whl (11.3 MB)
   ━━━━━━━━━━━━━━━━━━━━━━━━━━━━━━━━━━━━━━━━ 11.3/11.3 MB 5.2 MB/s  0:00:02
Downloading pydantic-2.13.4-py3-none-any.whl (472 kB)
Downloading pydantic_core-2.46.4-cp312-cp312-manylinux_2_17_x86_64.manylinux2014_x86_64.whl (2.1 MB)
   ━━━━━━━━━━━━━━━━━━━━━━━━━━━━━━━━━━━━━━━━ 2.1/2.1 MB 28.0 MB/s  0:00:00
Downloading numpy-2.5.1-cp312-cp312-manylinux_2_27_x86_64.manylinux_2_28_x86_64.whl (16.7 MB)
   ━━━━━━━━━━━━━━━━━━━━━━━━━━━━━━━━━━━━━━━━ 16.7/16.7 MB 6.1 MB/s  0:00:03
Downloading scipy-1.18.0-cp312-cp312-manylinux_2_27_x86_64.manylinux_2_28_x86_64.whl (35.3 MB)
   ━━━━━━━━━━━━━━━━━━━━━━━━━━━━━━━━━━━━━━━━ 35.3/35.3 MB 7.9 MB/s  0:00:04
Downloading pyyaml-6.0.3-cp312-cp312-manylinux2014_x86_64.manylinux_2_17_x86_64.manylinux_2_28_x86_64.whl (807 kB)
   ━━━━━━━━━━━━━━━━━━━━━━━━━━━━━━━━━━━━━━━━ 807.9/807.9 kB 29.1 MB/s  0:00:00
Downloading datasets-3.6.0-py3-none-any.whl (491 kB)
Downloading huggingface_hub-0.36.2-py3-none-any.whl (566 kB)
   ━━━━━━━━━━━━━━━━━━━━━━━━━━━━━━━━━━━━━━━━ 566.4/566.4 kB 955.5 kB/s  0:00:00
Downloading dill-0.3.8-py3-none-any.whl (116 kB)
Downloading fsspec-2025.3.0-py3-none-any.whl (193 kB)
Downloading hf_xet-1.5.1-cp37-abi3-manylinux2014_x86_64.manylinux_2_17_x86_64.whl (4.5 MB)
   ━━━━━━━━━━━━━━━━━━━━━━━━━━━━━━━━━━━━━━━━ 4.5/4.5 MB 6.8 MB/s  0:00:00
Downloading multiprocess-0.70.16-py312-none-any.whl (146 kB)
Downloading tokenizers-0.21.4-cp39-abi3-manylinux_2_17_x86_64.manylinux2014_x86_64.whl (3.1 MB)
   ━━━━━━━━━━━━━━━━━━━━━━━━━━━━━━━━━━━━━━━━ 3.1/3.1 MB 4.6 MB/s  0:00:00
Downloading matplotlib-3.11.0-cp312-cp312-manylinux2014_x86_64.manylinux_2_17_x86_64.whl (10.0 MB)
   ━━━━━━━━━━━━━━━━━━━━━━━━━━━━━━━━━━━━━━━━ 10.0/10.0 MB 7.8 MB/s  0:00:01
Downloading pytest-9.1.1-py3-none-any.whl (386 kB)
Downloading pluggy-1.6.0-py3-none-any.whl (20 kB)
Downloading pytest_cov-7.1.0-py3-none-any.whl (22 kB)
Downloading aiohttp-3.14.1-cp312-cp312-manylinux2014_x86_64.manylinux_2_17_x86_64.manylinux_2_28_x86_64.whl (1.8 MB)
   ━━━━━━━━━━━━━━━━━━━━━━━━━━━━━━━━━━━━━━━━ 1.8/1.8 MB 11.6 MB/s  0:00:00
Downloading multidict-6.7.1-cp312-cp312-manylinux2014_x86_64.manylinux_2_17_x86_64.manylinux_2_28_x86_64.whl (256 kB)
Downloading yarl-1.24.2-cp312-cp312-manylinux2014_x86_64.manylinux_2_17_x86_64.manylinux_2_28_x86_64.whl (105 kB)
Downloading aiohappyeyeballs-2.7.1-py3-none-any.whl (15 kB)
Downloading aiosignal-1.4.0-py3-none-any.whl (7.5 kB)
Downloading annotated_types-0.7.0-py3-none-any.whl (13 kB)
Downloading attrs-26.1.0-py3-none-any.whl (67 kB)
Downloading contourpy-1.3.3-cp312-cp312-manylinux_2_27_x86_64.manylinux_2_28_x86_64.whl (362 kB)
Downloading coverage-7.15.2-cp312-cp312-manylinux1_x86_64.manylinux_2_28_x86_64.manylinux_2_5_x86_64.whl (256 kB)
Downloading cycler-0.12.1-py3-none-any.whl (8.3 kB)
Downloading fonttools-4.63.0-cp312-cp312-manylinux2014_x86_64.manylinux_2_17_x86_64.whl (5.0 MB)
   ━━━━━━━━━━━━━━━━━━━━━━━━━━━━━━━━━━━━━━━━ 5.0/5.0 MB 4.2 MB/s  0:00:01
Downloading frozenlist-1.8.0-cp312-cp312-manylinux1_x86_64.manylinux_2_28_x86_64.manylinux_2_5_x86_64.whl (242 kB)
Downloading idna-3.18-py3-none-any.whl (65 kB)
Downloading iniconfig-2.3.0-py3-none-any.whl (7.5 kB)
Downloading kiwisolver-1.5.0-cp312-cp312-manylinux2014_x86_64.manylinux_2_17_x86_64.whl (1.5 MB)
   ━━━━━━━━━━━━━━━━━━━━━━━━━━━━━━━━━━━━━━━━ 1.5/1.5 MB 4.1 MB/s  0:00:00
Downloading pillow-12.3.0-cp312-cp312-manylinux_2_27_x86_64.manylinux_2_28_x86_64.whl (6.9 MB)
   ━━━━━━━━━━━━━━━━━━━━━━━━━━━━━━━━━━━━━━━━ 6.9/6.9 MB 5.1 MB/s  0:00:01
Downloading propcache-0.5.2-cp312-cp312-manylinux2014_x86_64.manylinux_2_17_x86_64.manylinux_2_28_x86_64.whl (61 kB)
Downloading pyarrow-25.0.0-cp312-cp312-manylinux_2_28_x86_64.whl (50.1 MB)
   ━━━━━━━━━━━━━━━━━━━━━━━━━━━━━━━━━━━━━━━━ 50.1/50.1 MB 7.2 MB/s  0:00:07
Downloading pygments-2.20.0-py3-none-any.whl (1.2 MB)
   ━━━━━━━━━━━━━━━━━━━━━━━━━━━━━━━━━━━━━━━━ 1.2/1.2 MB 42.7 MB/s  0:00:00
Downloading pyparsing-3.3.2-py3-none-any.whl (122 kB)
Downloading python_dateutil-2.9.0.post0-py2.py3-none-any.whl (229 kB)
Downloading regex-2026.7.10-cp312-cp312-manylinux2014_x86_64.manylinux_2_17_x86_64.manylinux_2_28_x86_64.whl (801 kB)
   ━━━━━━━━━━━━━━━━━━━━━━━━━━━━━━━━━━━━━━━━ 801.3/801.3 kB 13.5 MB/s  0:00:00
Downloading requests-2.34.2-py3-none-any.whl (73 kB)
Downloading charset_normalizer-3.4.9-cp312-cp312-manylinux2014_x86_64.manylinux_2_17_x86_64.manylinux_2_28_x86_64.whl (224 kB)
Downloading urllib3-2.7.0-py3-none-any.whl (131 kB)
Downloading certifi-2026.6.17-py3-none-any.whl (133 kB)
Downloading safetensors-0.8.0-cp310-abi3-manylinux_2_17_x86_64.manylinux2014_x86_64.whl (516 kB)
Downloading six-1.17.0-py2.py3-none-any.whl (11 kB)
Downloading tqdm-4.68.4-py3-none-any.whl (676 kB)
   ━━━━━━━━━━━━━━━━━━━━━━━━━━━━━━━━━━━━━━━━ 676.6/676.6 kB 38.0 MB/s  0:00:00
Downloading typing_inspection-0.4.2-py3-none-any.whl (14 kB)
Downloading pandas-3.0.3-cp312-cp312-manylinux_2_24_x86_64.manylinux_2_28_x86_64.whl (10.9 MB)
   ━━━━━━━━━━━━━━━━━━━━━━━━━━━━━━━━━━━━━━━━ 10.9/10.9 MB 8.5 MB/s  0:00:01
Downloading xxhash-3.8.1-cp312-cp312-manylinux2014_x86_64.manylinux_2_17_x86_64.manylinux_2_28_x86_64.whl (220 kB)
Installing collected packages: xxhash, urllib3, typing-inspection, tqdm, six, safetensors, regex, PyYAML, pyparsing, pygments, pydantic-core, pyarrow, propcache, pluggy, pillow, numpy, multidict, kiwisolver, iniconfig, idna, hf-xet, fsspec, frozenlist, fonttools, dill, cycler, coverage, charset_normalizer, certifi, attrs, annotated-types, aiohappyeyeballs, yarl, scipy, requests, python-dateutil, pytest, pydantic, multiprocess, contourpy, aiosignal, pytest-cov, pandas, matplotlib, huggingface_hub, aiohttp, tokenizers, transformers, datasets
  Attempting uninstall: fsspec
    Found existing installation: fsspec 2026.4.0
    Uninstalling fsspec-2026.4.0:
      Successfully uninstalled fsspec-2026.4.0

Successfully installed PyYAML-6.0.3 aiohappyeyeballs-2.7.1 aiohttp-3.14.1 aiosignal-1.4.0 annotated-types-0.7.0 attrs-26.1.0 certifi-2026.6.17 charset_normalizer-3.4.9 contourpy-1.3.3 coverage-7.15.2 cycler-0.12.1 datasets-3.6.0 dill-0.3.8 fonttools-4.63.0 frozenlist-1.8.0 fsspec-2025.3.0 hf-xet-1.5.1 huggingface_hub-0.36.2 idna-3.18 iniconfig-2.3.0 kiwisolver-1.5.0 matplotlib-3.11.0 multidict-6.7.1 multiprocess-0.70.16 numpy-2.5.1 pandas-3.0.3 pillow-12.3.0 pluggy-1.6.0 propcache-0.5.2 pyarrow-25.0.0 pydantic-2.13.4 pydantic-core-2.46.4 pygments-2.20.0 pyparsing-3.3.2 pytest-9.1.1 pytest-cov-7.1.0 python-dateutil-2.9.0.post0 regex-2026.7.10 requests-2.34.2 safetensors-0.8.0 scipy-1.18.0 six-1.17.0 tokenizers-0.21.4 tqdm-4.68.4 transformers-4.55.4 typing-inspection-0.4.2 urllib3-2.7.0 xxhash-3.8.1 yarl-1.24.2
== installing this package ==
Obtaining file:///workspace/Faithkv
  Installing build dependencies: started
  Installing build dependencies: finished with status 'done'
  Checking if build backend supports build_editable: started
  Checking if build backend supports build_editable: finished with status 'done'
  Getting requirements to build editable: started
  Getting requirements to build editable: finished with status 'done'
  Preparing editable metadata (pyproject.toml): started
  Preparing editable metadata (pyproject.toml): finished with status 'done'
Requirement already satisfied: pydantic<3,>=2.6 in ./.venv/lib/python3.12/site-packages (from kvcot==0.1.0) (2.13.4)
Requirement already satisfied: numpy<3,>=1.26 in ./.venv/lib/python3.12/site-packages (from kvcot==0.1.0) (2.5.1)
Requirement already satisfied: scipy<2,>=1.11 in ./.venv/lib/python3.12/site-packages (from kvcot==0.1.0) (1.18.0)
Requirement already satisfied: PyYAML<7,>=6.0 in ./.venv/lib/python3.12/site-packages (from kvcot==0.1.0) (6.0.3)
Requirement already satisfied: annotated-types>=0.6.0 in ./.venv/lib/python3.12/site-packages (from pydantic<3,>=2.6->kvcot==0.1.0) (0.7.0)
Requirement already satisfied: pydantic-core==2.46.4 in ./.venv/lib/python3.12/site-packages (from pydantic<3,>=2.6->kvcot==0.1.0) (2.46.4)
Requirement already satisfied: typing-extensions>=4.14.1 in ./.venv/lib/python3.12/site-packages (from pydantic<3,>=2.6->kvcot==0.1.0) (4.15.0)
Requirement already satisfied: typing-inspection>=0.4.2 in ./.venv/lib/python3.12/site-packages (from pydantic<3,>=2.6->kvcot==0.1.0) (0.4.2)
Building wheels for collected packages: kvcot
  Building editable for kvcot (pyproject.toml): started
  Building editable for kvcot (pyproject.toml): finished with status 'done'
  Created wheel for kvcot: filename=kvcot-0.1.0-0.editable-py3-none-any.whl size=4932 sha256=9ebac5671d155eff28b31a68a26579194fdf29e4597b5b93ee42a0decb1cb64d
  Stored in directory: /tmp/pip-ephem-wheel-cache-rvyvi00y/wheels/62/65/d6/59943e1f5311c4469cd79e97b6bf69d6a15bdfdd7efc24c0af
Successfully built kvcot
Installing collected packages: kvcot
Successfully installed kvcot-0.1.0
== initializing the pinned R-KV submodule (full checkout — no sparse-checkout needed on Linux) ==
== installing the pinned upstream HuggingFace R-KV implementation, editable ==
Obtaining file:///workspace/Faithkv/third_party/R-KV/HuggingFace
  Installing build dependencies: started
  Installing build dependencies: finished with status 'done'
  Checking if build backend supports build_editable: started
  Checking if build backend supports build_editable: finished with status 'done'
  Getting requirements to build editable: started
  Getting requirements to build editable: finished with status 'done'
  Preparing editable metadata (pyproject.toml): started
  Preparing editable metadata (pyproject.toml): finished with status 'done'
Requirement already satisfied: transformers<4.56,>=4.48.1 in ./.venv/lib/python3.12/site-packages (from rkv==0.1.0) (4.55.4)
Requirement already satisfied: filelock in ./.venv/lib/python3.12/site-packages (from transformers<4.56,>=4.48.1->rkv==0.1.0) (3.29.0)
Requirement already satisfied: huggingface-hub<1.0,>=0.34.0 in ./.venv/lib/python3.12/site-packages (from transformers<4.56,>=4.48.1->rkv==0.1.0) (0.36.2)
Requirement already satisfied: numpy>=1.17 in ./.venv/lib/python3.12/site-packages (from transformers<4.56,>=4.48.1->rkv==0.1.0) (2.5.1)
Requirement already satisfied: packaging>=20.0 in ./.venv/lib/python3.12/site-packages (from transformers<4.56,>=4.48.1->rkv==0.1.0) (26.2)
Requirement already satisfied: pyyaml>=5.1 in ./.venv/lib/python3.12/site-packages (from transformers<4.56,>=4.48.1->rkv==0.1.0) (6.0.3)
Requirement already satisfied: regex!=2019.12.17 in ./.venv/lib/python3.12/site-packages (from transformers<4.56,>=4.48.1->rkv==0.1.0) (2026.7.10)
Requirement already satisfied: requests in ./.venv/lib/python3.12/site-packages (from transformers<4.56,>=4.48.1->rkv==0.1.0) (2.34.2)
Requirement already satisfied: tokenizers<0.22,>=0.21 in ./.venv/lib/python3.12/site-packages (from transformers<4.56,>=4.48.1->rkv==0.1.0) (0.21.4)
Requirement already satisfied: safetensors>=0.4.3 in ./.venv/lib/python3.12/site-packages (from transformers<4.56,>=4.48.1->rkv==0.1.0) (0.8.0)
Requirement already satisfied: tqdm>=4.27 in ./.venv/lib/python3.12/site-packages (from transformers<4.56,>=4.48.1->rkv==0.1.0) (4.68.4)
Requirement already satisfied: fsspec>=2023.5.0 in ./.venv/lib/python3.12/site-packages (from huggingface-hub<1.0,>=0.34.0->transformers<4.56,>=4.48.1->rkv==0.1.0) (2025.3.0)
Requirement already satisfied: hf-xet<2.0.0,>=1.1.3 in ./.venv/lib/python3.12/site-packages (from huggingface-hub<1.0,>=0.34.0->transformers<4.56,>=4.48.1->rkv==0.1.0) (1.5.1)
Requirement already satisfied: typing-extensions>=3.7.4.3 in ./.venv/lib/python3.12/site-packages (from huggingface-hub<1.0,>=0.34.0->transformers<4.56,>=4.48.1->rkv==0.1.0) (4.15.0)
Requirement already satisfied: charset_normalizer<4,>=2 in ./.venv/lib/python3.12/site-packages (from requests->transformers<4.56,>=4.48.1->rkv==0.1.0) (3.4.9)
Requirement already satisfied: idna<4,>=2.5 in ./.venv/lib/python3.12/site-packages (from requests->transformers<4.56,>=4.48.1->rkv==0.1.0) (3.18)
Requirement already satisfied: urllib3<3,>=1.26 in ./.venv/lib/python3.12/site-packages (from requests->transformers<4.56,>=4.48.1->rkv==0.1.0) (2.7.0)
Requirement already satisfied: certifi>=2023.5.7 in ./.venv/lib/python3.12/site-packages (from requests->transformers<4.56,>=4.48.1->rkv==0.1.0) (2026.6.17)
Building wheels for collected packages: rkv
  Building editable for rkv (pyproject.toml): started
  Building editable for rkv (pyproject.toml): finished with status 'done'
  Created wheel for rkv: filename=rkv-0.1.0-0.editable-py3-none-any.whl size=6892 sha256=94d37c2f3d6523d029d7130c87cfae00111b0fa87ec6cb922de78b8e2f7d50be
  Stored in directory: /tmp/pip-ephem-wheel-cache-xgsfvccv/wheels/ca/df/32/7651974f08106038b44b49ab9a0a0d0cfe3e9c54abbb9acfb9
Successfully built rkv
Installing collected packages: rkv
Successfully installed rkv-0.1.0
== verifying GPU BF16 + FlashAttention-2 availability ==
== kvcot environment verification ==
python: Python 3.12.13
torch: 2.6.0+cu124
cuda available: True
cuda device: NVIDIA GeForce RTX 3090
cuda version (torch build): 12.4
bf16: supported
FATAL: flash_attn not importable
== kvcot GPU host setup ==
HF_HOME=/workspace/hf_cache
Requirement already satisfied: pip in ./.venv/lib/python3.12/site-packages (26.1.2)
== installing torch (CUDA build) ==
Looking in indexes: https://download.pytorch.org/whl/cu124
Requirement already satisfied: torch==2.6.0 in ./.venv/lib/python3.12/site-packages (2.6.0+cu124)
Requirement already satisfied: filelock in ./.venv/lib/python3.12/site-packages (from torch==2.6.0) (3.29.0)
Requirement already satisfied: typing-extensions>=4.10.0 in ./.venv/lib/python3.12/site-packages (from torch==2.6.0) (4.15.0)
Requirement already satisfied: networkx in ./.venv/lib/python3.12/site-packages (from torch==2.6.0) (3.6.1)
Requirement already satisfied: jinja2 in ./.venv/lib/python3.12/site-packages (from torch==2.6.0) (3.1.6)
Requirement already satisfied: fsspec in ./.venv/lib/python3.12/site-packages (from torch==2.6.0) (2025.3.0)
Requirement already satisfied: nvidia-cuda-nvrtc-cu12==12.4.127 in ./.venv/lib/python3.12/site-packages (from torch==2.6.0) (12.4.127)
Requirement already satisfied: nvidia-cuda-runtime-cu12==12.4.127 in ./.venv/lib/python3.12/site-packages (from torch==2.6.0) (12.4.127)
Requirement already satisfied: nvidia-cuda-cupti-cu12==12.4.127 in ./.venv/lib/python3.12/site-packages (from torch==2.6.0) (12.4.127)
Requirement already satisfied: nvidia-cudnn-cu12==9.1.0.70 in ./.venv/lib/python3.12/site-packages (from torch==2.6.0) (9.1.0.70)
Requirement already satisfied: nvidia-cublas-cu12==12.4.5.8 in ./.venv/lib/python3.12/site-packages (from torch==2.6.0) (12.4.5.8)
Requirement already satisfied: nvidia-cufft-cu12==11.2.1.3 in ./.venv/lib/python3.12/site-packages (from torch==2.6.0) (11.2.1.3)
Requirement already satisfied: nvidia-curand-cu12==10.3.5.147 in ./.venv/lib/python3.12/site-packages (from torch==2.6.0) (10.3.5.147)
Requirement already satisfied: nvidia-cusolver-cu12==11.6.1.9 in ./.venv/lib/python3.12/site-packages (from torch==2.6.0) (11.6.1.9)
Requirement already satisfied: nvidia-cusparse-cu12==12.3.1.170 in ./.venv/lib/python3.12/site-packages (from torch==2.6.0) (12.3.1.170)
Requirement already satisfied: nvidia-cusparselt-cu12==0.6.2 in ./.venv/lib/python3.12/site-packages (from torch==2.6.0) (0.6.2)
Requirement already satisfied: nvidia-nccl-cu12==2.21.5 in ./.venv/lib/python3.12/site-packages (from torch==2.6.0) (2.21.5)
Requirement already satisfied: nvidia-nvtx-cu12==12.4.127 in ./.venv/lib/python3.12/site-packages (from torch==2.6.0) (12.4.127)
Requirement already satisfied: nvidia-nvjitlink-cu12==12.4.127 in ./.venv/lib/python3.12/site-packages (from torch==2.6.0) (12.4.127)
Requirement already satisfied: triton==3.2.0 in ./.venv/lib/python3.12/site-packages (from torch==2.6.0) (3.2.0)
Requirement already satisfied: setuptools in ./.venv/lib/python3.12/site-packages (from torch==2.6.0) (83.0.0)
Requirement already satisfied: sympy==1.13.1 in ./.venv/lib/python3.12/site-packages (from torch==2.6.0) (1.13.1)
Requirement already satisfied: mpmath<1.4,>=1.1.0 in ./.venv/lib/python3.12/site-packages (from sympy==1.13.1->torch==2.6.0) (1.3.0)
Requirement already satisfied: MarkupSafe>=2.0 in ./.venv/lib/python3.12/site-packages (from jinja2->torch==2.6.0) (3.0.3)
== installing the rest of requirements.txt (includes transformers==4.55.4, flash-attn) ==
Requirement already satisfied: pydantic<3,>=2.6 in ./.venv/lib/python3.12/site-packages (from -r requirements.txt (line 8)) (2.13.4)
Requirement already satisfied: numpy<3,>=1.26 in ./.venv/lib/python3.12/site-packages (from -r requirements.txt (line 9)) (2.5.1)
Requirement already satisfied: scipy<2,>=1.11 in ./.venv/lib/python3.12/site-packages (from -r requirements.txt (line 10)) (1.18.0)
Requirement already satisfied: PyYAML<7,>=6.0 in ./.venv/lib/python3.12/site-packages (from -r requirements.txt (line 11)) (6.0.3)
Requirement already satisfied: transformers==4.55.4 in ./.venv/lib/python3.12/site-packages (from -r requirements.txt (line 22)) (4.55.4)
Requirement already satisfied: torch==2.6.0 in ./.venv/lib/python3.12/site-packages (from -r requirements.txt (line 23)) (2.6.0+cu124)
Requirement already satisfied: flash-attn<3,>=2.6 in ./.venv/lib/python3.12/site-packages (from -r requirements.txt (line 26)) (2.8.3.post1)
Requirement already satisfied: datasets<4,>=2.19 in ./.venv/lib/python3.12/site-packages (from -r requirements.txt (line 28)) (3.6.0)
Requirement already satisfied: huggingface_hub>=0.24 in ./.venv/lib/python3.12/site-packages (from -r requirements.txt (line 29)) (0.36.2)
Requirement already satisfied: jinja2>=3.1 in ./.venv/lib/python3.12/site-packages (from -r requirements.txt (line 30)) (3.1.6)
Requirement already satisfied: matplotlib>=3.8 in ./.venv/lib/python3.12/site-packages (from -r requirements.txt (line 31)) (3.11.0)
Requirement already satisfied: pytest>=8.0 in ./.venv/lib/python3.12/site-packages (from -r requirements.txt (line 34)) (9.1.1)
Requirement already satisfied: pytest-cov>=5.0 in ./.venv/lib/python3.12/site-packages (from -r requirements.txt (line 35)) (7.1.0)
Requirement already satisfied: filelock in ./.venv/lib/python3.12/site-packages (from transformers==4.55.4->-r requirements.txt (line 22)) (3.29.0)
Requirement already satisfied: packaging>=20.0 in ./.venv/lib/python3.12/site-packages (from transformers==4.55.4->-r requirements.txt (line 22)) (26.2)
Requirement already satisfied: regex!=2019.12.17 in ./.venv/lib/python3.12/site-packages (from transformers==4.55.4->-r requirements.txt (line 22)) (2026.7.10)
Requirement already satisfied: requests in ./.venv/lib/python3.12/site-packages (from transformers==4.55.4->-r requirements.txt (line 22)) (2.34.2)
Requirement already satisfied: tokenizers<0.22,>=0.21 in ./.venv/lib/python3.12/site-packages (from transformers==4.55.4->-r requirements.txt (line 22)) (0.21.4)
Requirement already satisfied: safetensors>=0.4.3 in ./.venv/lib/python3.12/site-packages (from transformers==4.55.4->-r requirements.txt (line 22)) (0.8.0)
Requirement already satisfied: tqdm>=4.27 in ./.venv/lib/python3.12/site-packages (from transformers==4.55.4->-r requirements.txt (line 22)) (4.68.4)
Requirement already satisfied: typing-extensions>=4.10.0 in ./.venv/lib/python3.12/site-packages (from torch==2.6.0->-r requirements.txt (line 23)) (4.15.0)
Requirement already satisfied: networkx in ./.venv/lib/python3.12/site-packages (from torch==2.6.0->-r requirements.txt (line 23)) (3.6.1)
Requirement already satisfied: fsspec in ./.venv/lib/python3.12/site-packages (from torch==2.6.0->-r requirements.txt (line 23)) (2025.3.0)
Requirement already satisfied: nvidia-cuda-nvrtc-cu12==12.4.127 in ./.venv/lib/python3.12/site-packages (from torch==2.6.0->-r requirements.txt (line 23)) (12.4.127)
Requirement already satisfied: nvidia-cuda-runtime-cu12==12.4.127 in ./.venv/lib/python3.12/site-packages (from torch==2.6.0->-r requirements.txt (line 23)) (12.4.127)
Requirement already satisfied: nvidia-cuda-cupti-cu12==12.4.127 in ./.venv/lib/python3.12/site-packages (from torch==2.6.0->-r requirements.txt (line 23)) (12.4.127)
Requirement already satisfied: nvidia-cudnn-cu12==9.1.0.70 in ./.venv/lib/python3.12/site-packages (from torch==2.6.0->-r requirements.txt (line 23)) (9.1.0.70)
Requirement already satisfied: nvidia-cublas-cu12==12.4.5.8 in ./.venv/lib/python3.12/site-packages (from torch==2.6.0->-r requirements.txt (line 23)) (12.4.5.8)
Requirement already satisfied: nvidia-cufft-cu12==11.2.1.3 in ./.venv/lib/python3.12/site-packages (from torch==2.6.0->-r requirements.txt (line 23)) (11.2.1.3)
Requirement already satisfied: nvidia-curand-cu12==10.3.5.147 in ./.venv/lib/python3.12/site-packages (from torch==2.6.0->-r requirements.txt (line 23)) (10.3.5.147)
Requirement already satisfied: nvidia-cusolver-cu12==11.6.1.9 in ./.venv/lib/python3.12/site-packages (from torch==2.6.0->-r requirements.txt (line 23)) (11.6.1.9)
Requirement already satisfied: nvidia-cusparse-cu12==12.3.1.170 in ./.venv/lib/python3.12/site-packages (from torch==2.6.0->-r requirements.txt (line 23)) (12.3.1.170)
Requirement already satisfied: nvidia-cusparselt-cu12==0.6.2 in ./.venv/lib/python3.12/site-packages (from torch==2.6.0->-r requirements.txt (line 23)) (0.6.2)
Requirement already satisfied: nvidia-nccl-cu12==2.21.5 in ./.venv/lib/python3.12/site-packages (from torch==2.6.0->-r requirements.txt (line 23)) (2.21.5)
Requirement already satisfied: nvidia-nvtx-cu12==12.4.127 in ./.venv/lib/python3.12/site-packages (from torch==2.6.0->-r requirements.txt (line 23)) (12.4.127)
Requirement already satisfied: nvidia-nvjitlink-cu12==12.4.127 in ./.venv/lib/python3.12/site-packages (from torch==2.6.0->-r requirements.txt (line 23)) (12.4.127)
Requirement already satisfied: triton==3.2.0 in ./.venv/lib/python3.12/site-packages (from torch==2.6.0->-r requirements.txt (line 23)) (3.2.0)
Requirement already satisfied: setuptools in ./.venv/lib/python3.12/site-packages (from torch==2.6.0->-r requirements.txt (line 23)) (83.0.0)
Requirement already satisfied: sympy==1.13.1 in ./.venv/lib/python3.12/site-packages (from torch==2.6.0->-r requirements.txt (line 23)) (1.13.1)
Requirement already satisfied: mpmath<1.4,>=1.1.0 in ./.venv/lib/python3.12/site-packages (from sympy==1.13.1->torch==2.6.0->-r requirements.txt (line 23)) (1.3.0)
Requirement already satisfied: annotated-types>=0.6.0 in ./.venv/lib/python3.12/site-packages (from pydantic<3,>=2.6->-r requirements.txt (line 8)) (0.7.0)
Requirement already satisfied: pydantic-core==2.46.4 in ./.venv/lib/python3.12/site-packages (from pydantic<3,>=2.6->-r requirements.txt (line 8)) (2.46.4)
Requirement already satisfied: typing-inspection>=0.4.2 in ./.venv/lib/python3.12/site-packages (from pydantic<3,>=2.6->-r requirements.txt (line 8)) (0.4.2)
Requirement already satisfied: einops in ./.venv/lib/python3.12/site-packages (from flash-attn<3,>=2.6->-r requirements.txt (line 26)) (0.8.2)
Requirement already satisfied: pyarrow>=15.0.0 in ./.venv/lib/python3.12/site-packages (from datasets<4,>=2.19->-r requirements.txt (line 28)) (25.0.0)
Requirement already satisfied: dill<0.3.9,>=0.3.0 in ./.venv/lib/python3.12/site-packages (from datasets<4,>=2.19->-r requirements.txt (line 28)) (0.3.8)
Requirement already satisfied: pandas in ./.venv/lib/python3.12/site-packages (from datasets<4,>=2.19->-r requirements.txt (line 28)) (3.0.3)
Requirement already satisfied: xxhash in ./.venv/lib/python3.12/site-packages (from datasets<4,>=2.19->-r requirements.txt (line 28)) (3.8.1)
Requirement already satisfied: multiprocess<0.70.17 in ./.venv/lib/python3.12/site-packages (from datasets<4,>=2.19->-r requirements.txt (line 28)) (0.70.16)
Requirement already satisfied: hf-xet<2.0.0,>=1.1.3 in ./.venv/lib/python3.12/site-packages (from huggingface_hub>=0.24->-r requirements.txt (line 29)) (1.5.1)
Requirement already satisfied: aiohttp!=4.0.0a0,!=4.0.0a1 in ./.venv/lib/python3.12/site-packages (from fsspec[http]<=2025.3.0,>=2023.1.0->datasets<4,>=2.19->-r requirements.txt (line 28)) (3.14.1)
Requirement already satisfied: MarkupSafe>=2.0 in ./.venv/lib/python3.12/site-packages (from jinja2>=3.1->-r requirements.txt (line 30)) (3.0.3)
Requirement already satisfied: contourpy>=1.0.1 in ./.venv/lib/python3.12/site-packages (from matplotlib>=3.8->-r requirements.txt (line 31)) (1.3.3)
Requirement already satisfied: cycler>=0.10 in ./.venv/lib/python3.12/site-packages (from matplotlib>=3.8->-r requirements.txt (line 31)) (0.12.1)
Requirement already satisfied: fonttools>=4.22.0 in ./.venv/lib/python3.12/site-packages (from matplotlib>=3.8->-r requirements.txt (line 31)) (4.63.0)
Requirement already satisfied: kiwisolver>=1.3.1 in ./.venv/lib/python3.12/site-packages (from matplotlib>=3.8->-r requirements.txt (line 31)) (1.5.0)
Requirement already satisfied: pillow>=9 in ./.venv/lib/python3.12/site-packages (from matplotlib>=3.8->-r requirements.txt (line 31)) (12.3.0)
Requirement already satisfied: pyparsing>=3 in ./.venv/lib/python3.12/site-packages (from matplotlib>=3.8->-r requirements.txt (line 31)) (3.3.2)
Requirement already satisfied: python-dateutil>=2.7 in ./.venv/lib/python3.12/site-packages (from matplotlib>=3.8->-r requirements.txt (line 31)) (2.9.0.post0)
Requirement already satisfied: iniconfig>=1.0.1 in ./.venv/lib/python3.12/site-packages (from pytest>=8.0->-r requirements.txt (line 34)) (2.3.0)
Requirement already satisfied: pluggy<2,>=1.5 in ./.venv/lib/python3.12/site-packages (from pytest>=8.0->-r requirements.txt (line 34)) (1.6.0)
Requirement already satisfied: pygments>=2.7.2 in ./.venv/lib/python3.12/site-packages (from pytest>=8.0->-r requirements.txt (line 34)) (2.20.0)
Requirement already satisfied: coverage>=7.10.6 in ./.venv/lib/python3.12/site-packages (from coverage[toml]>=7.10.6->pytest-cov>=5.0->-r requirements.txt (line 35)) (7.15.2)
Requirement already satisfied: aiohappyeyeballs>=2.5.0 in ./.venv/lib/python3.12/site-packages (from aiohttp!=4.0.0a0,!=4.0.0a1->fsspec[http]<=2025.3.0,>=2023.1.0->datasets<4,>=2.19->-r requirements.txt (line 28)) (2.7.1)
Requirement already satisfied: aiosignal>=1.4.0 in ./.venv/lib/python3.12/site-packages (from aiohttp!=4.0.0a0,!=4.0.0a1->fsspec[http]<=2025.3.0,>=2023.1.0->datasets<4,>=2.19->-r requirements.txt (line 28)) (1.4.0)
Requirement already satisfied: attrs>=17.3.0 in ./.venv/lib/python3.12/site-packages (from aiohttp!=4.0.0a0,!=4.0.0a1->fsspec[http]<=2025.3.0,>=2023.1.0->datasets<4,>=2.19->-r requirements.txt (line 28)) (26.1.0)
Requirement already satisfied: frozenlist>=1.1.1 in ./.venv/lib/python3.12/site-packages (from aiohttp!=4.0.0a0,!=4.0.0a1->fsspec[http]<=2025.3.0,>=2023.1.0->datasets<4,>=2.19->-r requirements.txt (line 28)) (1.8.0)
Requirement already satisfied: multidict<7.0,>=4.5 in ./.venv/lib/python3.12/site-packages (from aiohttp!=4.0.0a0,!=4.0.0a1->fsspec[http]<=2025.3.0,>=2023.1.0->datasets<4,>=2.19->-r requirements.txt (line 28)) (6.7.1)
Requirement already satisfied: propcache>=0.2.0 in ./.venv/lib/python3.12/site-packages (from aiohttp!=4.0.0a0,!=4.0.0a1->fsspec[http]<=2025.3.0,>=2023.1.0->datasets<4,>=2.19->-r requirements.txt (line 28)) (0.5.2)
Requirement already satisfied: yarl<2.0,>=1.17.0 in ./.venv/lib/python3.12/site-packages (from aiohttp!=4.0.0a0,!=4.0.0a1->fsspec[http]<=2025.3.0,>=2023.1.0->datasets<4,>=2.19->-r requirements.txt (line 28)) (1.24.2)
Requirement already satisfied: idna>=2.0 in ./.venv/lib/python3.12/site-packages (from yarl<2.0,>=1.17.0->aiohttp!=4.0.0a0,!=4.0.0a1->fsspec[http]<=2025.3.0,>=2023.1.0->datasets<4,>=2.19->-r requirements.txt (line 28)) (3.18)
Requirement already satisfied: six>=1.5 in ./.venv/lib/python3.12/site-packages (from python-dateutil>=2.7->matplotlib>=3.8->-r requirements.txt (line 31)) (1.17.0)
Requirement already satisfied: charset_normalizer<4,>=2 in ./.venv/lib/python3.12/site-packages (from requests->transformers==4.55.4->-r requirements.txt (line 22)) (3.4.9)
Requirement already satisfied: urllib3<3,>=1.26 in ./.venv/lib/python3.12/site-packages (from requests->transformers==4.55.4->-r requirements.txt (line 22)) (2.7.0)
Requirement already satisfied: certifi>=2023.5.7 in ./.venv/lib/python3.12/site-packages (from requests->transformers==4.55.4->-r requirements.txt (line 22)) (2026.6.17)
== installing this package ==
Obtaining file:///workspace/Faithkv
  Installing build dependencies: started
  Installing build dependencies: finished with status 'done'
  Checking if build backend supports build_editable: started
  Checking if build backend supports build_editable: finished with status 'done'
  Getting requirements to build editable: started
  Getting requirements to build editable: finished with status 'done'
  Preparing editable metadata (pyproject.toml): started
  Preparing editable metadata (pyproject.toml): finished with status 'done'
Requirement already satisfied: pydantic<3,>=2.6 in ./.venv/lib/python3.12/site-packages (from kvcot==0.1.0) (2.13.4)
Requirement already satisfied: numpy<3,>=1.26 in ./.venv/lib/python3.12/site-packages (from kvcot==0.1.0) (2.5.1)
Requirement already satisfied: scipy<2,>=1.11 in ./.venv/lib/python3.12/site-packages (from kvcot==0.1.0) (1.18.0)
Requirement already satisfied: PyYAML<7,>=6.0 in ./.venv/lib/python3.12/site-packages (from kvcot==0.1.0) (6.0.3)
Requirement already satisfied: annotated-types>=0.6.0 in ./.venv/lib/python3.12/site-packages (from pydantic<3,>=2.6->kvcot==0.1.0) (0.7.0)
Requirement already satisfied: pydantic-core==2.46.4 in ./.venv/lib/python3.12/site-packages (from pydantic<3,>=2.6->kvcot==0.1.0) (2.46.4)
Requirement already satisfied: typing-extensions>=4.14.1 in ./.venv/lib/python3.12/site-packages (from pydantic<3,>=2.6->kvcot==0.1.0) (4.15.0)
Requirement already satisfied: typing-inspection>=0.4.2 in ./.venv/lib/python3.12/site-packages (from pydantic<3,>=2.6->kvcot==0.1.0) (0.4.2)
Building wheels for collected packages: kvcot
  Building editable for kvcot (pyproject.toml): started
  Building editable for kvcot (pyproject.toml): finished with status 'done'
  Created wheel for kvcot: filename=kvcot-0.1.0-0.editable-py3-none-any.whl size=4932 sha256=b618add71285ffedd3e0c07c042e18594b102815f57fd7cdbf56226e3924b275
  Stored in directory: /tmp/pip-ephem-wheel-cache-dscp9p1e/wheels/62/65/d6/59943e1f5311c4469cd79e97b6bf69d6a15bdfdd7efc24c0af
Successfully built kvcot
Installing collected packages: kvcot
  Attempting uninstall: kvcot
    Found existing installation: kvcot 0.1.0
    Uninstalling kvcot-0.1.0:
      Successfully uninstalled kvcot-0.1.0
Successfully installed kvcot-0.1.0
== initializing the pinned R-KV submodule (full checkout — no sparse-checkout needed on Linux) ==
== installing the pinned upstream HuggingFace R-KV implementation, editable ==
Obtaining file:///workspace/Faithkv/third_party/R-KV/HuggingFace
  Installing build dependencies: started
  Installing build dependencies: finished with status 'done'
  Checking if build backend supports build_editable: started
  Checking if build backend supports build_editable: finished with status 'done'
  Getting requirements to build editable: started
  Getting requirements to build editable: finished with status 'done'
  Preparing editable metadata (pyproject.toml): started
  Preparing editable metadata (pyproject.toml): finished with status 'done'
Requirement already satisfied: transformers<4.56,>=4.48.1 in ./.venv/lib/python3.12/site-packages (from rkv==0.1.0) (4.55.4)
Requirement already satisfied: filelock in ./.venv/lib/python3.12/site-packages (from transformers<4.56,>=4.48.1->rkv==0.1.0) (3.29.0)
Requirement already satisfied: huggingface-hub<1.0,>=0.34.0 in ./.venv/lib/python3.12/site-packages (from transformers<4.56,>=4.48.1->rkv==0.1.0) (0.36.2)
Requirement already satisfied: numpy>=1.17 in ./.venv/lib/python3.12/site-packages (from transformers<4.56,>=4.48.1->rkv==0.1.0) (2.5.1)
Requirement already satisfied: packaging>=20.0 in ./.venv/lib/python3.12/site-packages (from transformers<4.56,>=4.48.1->rkv==0.1.0) (26.2)
Requirement already satisfied: pyyaml>=5.1 in ./.venv/lib/python3.12/site-packages (from transformers<4.56,>=4.48.1->rkv==0.1.0) (6.0.3)
Requirement already satisfied: regex!=2019.12.17 in ./.venv/lib/python3.12/site-packages (from transformers<4.56,>=4.48.1->rkv==0.1.0) (2026.7.10)
Requirement already satisfied: requests in ./.venv/lib/python3.12/site-packages (from transformers<4.56,>=4.48.1->rkv==0.1.0) (2.34.2)
Requirement already satisfied: tokenizers<0.22,>=0.21 in ./.venv/lib/python3.12/site-packages (from transformers<4.56,>=4.48.1->rkv==0.1.0) (0.21.4)
Requirement already satisfied: safetensors>=0.4.3 in ./.venv/lib/python3.12/site-packages (from transformers<4.56,>=4.48.1->rkv==0.1.0) (0.8.0)
Requirement already satisfied: tqdm>=4.27 in ./.venv/lib/python3.12/site-packages (from transformers<4.56,>=4.48.1->rkv==0.1.0) (4.68.4)
Requirement already satisfied: fsspec>=2023.5.0 in ./.venv/lib/python3.12/site-packages (from huggingface-hub<1.0,>=0.34.0->transformers<4.56,>=4.48.1->rkv==0.1.0) (2025.3.0)
Requirement already satisfied: hf-xet<2.0.0,>=1.1.3 in ./.venv/lib/python3.12/site-packages (from huggingface-hub<1.0,>=0.34.0->transformers<4.56,>=4.48.1->rkv==0.1.0) (1.5.1)
Requirement already satisfied: typing-extensions>=3.7.4.3 in ./.venv/lib/python3.12/site-packages (from huggingface-hub<1.0,>=0.34.0->transformers<4.56,>=4.48.1->rkv==0.1.0) (4.15.0)
Requirement already satisfied: charset_normalizer<4,>=2 in ./.venv/lib/python3.12/site-packages (from requests->transformers<4.56,>=4.48.1->rkv==0.1.0) (3.4.9)
Requirement already satisfied: idna<4,>=2.5 in ./.venv/lib/python3.12/site-packages (from requests->transformers<4.56,>=4.48.1->rkv==0.1.0) (3.18)
Requirement already satisfied: urllib3<3,>=1.26 in ./.venv/lib/python3.12/site-packages (from requests->transformers<4.56,>=4.48.1->rkv==0.1.0) (2.7.0)
Requirement already satisfied: certifi>=2023.5.7 in ./.venv/lib/python3.12/site-packages (from requests->transformers<4.56,>=4.48.1->rkv==0.1.0) (2026.6.17)
Building wheels for collected packages: rkv
  Building editable for rkv (pyproject.toml): started
  Building editable for rkv (pyproject.toml): finished with status 'done'
  Created wheel for rkv: filename=rkv-0.1.0-0.editable-py3-none-any.whl size=6892 sha256=63b94dc5982380206f574135b9b6f56549b86956a8cbcee9f84326bf6b25a94c
  Stored in directory: /tmp/pip-ephem-wheel-cache-hgzertfg/wheels/ca/df/32/7651974f08106038b44b49ab9a0a0d0cfe3e9c54abbb9acfb9
Successfully built rkv
Installing collected packages: rkv
  Attempting uninstall: rkv
    Found existing installation: rkv 0.1.0
    Uninstalling rkv-0.1.0:
      Successfully uninstalled rkv-0.1.0
Successfully installed rkv-0.1.0
== verifying GPU BF16 + FlashAttention-2 availability ==
== kvcot environment verification ==
python: Python 3.12.13
torch: 2.6.0+cu124
cuda available: True
cuda device: NVIDIA GeForce RTX 3090
cuda version (torch build): 12.4
bf16: supported
flash_attn: 2.8.3.post1
transformers: 4.55.4
== checking pinned submodule ==
submodule pinned correctly: 45eaa7d69d20b7388321f077020a610d9afb65bd
requirements-lock.txt is still the placeholder — generate it after this script passes (see its header).
== environment verification passed ==
== generating requirements-lock.txt for real (see its header for why this couldn't be done on the build machine) ==
== setup complete. Next: docs/GPU_VALIDATION_PLAN.md ==
